[14-Apr-2022 14:34:59 UTC] PHP Warning:  PHP Startup: Unable to load dynamic library 'php_imagick.dll' (tried: D:/Program Files (x86)/Local/resources/extraResources/lightning-services/php-7.4.1+16/bin/win64/ext\php_imagick.dll (The specified module could not be found.), D:/Program Files (x86)/Local/resources/extraResources/lightning-services/php-7.4.1+16/bin/win64/ext\php_php_imagick.dll.dll (The specified module could not be found.)) in Unknown on line 0
[14-Apr-2022 14:34:59 UTC] PHP Warning:  PHP Startup: Unable to load dynamic library 'php_imagick.dll' (tried: D:/Program Files (x86)/Local/resources/extraResources/lightning-services/php-7.4.1+16/bin/win64/ext\php_imagick.dll (The specified module could not be found.), D:/Program Files (x86)/Local/resources/extraResources/lightning-services/php-7.4.1+16/bin/win64/ext\php_php_imagick.dll.dll (The specified module could not be found.)) in Unknown on line 0
[14-Apr-2022 14:35:26 UTC] PHP Warning:  PHP Startup: Unable to load dynamic library 'php_imagick.dll' (tried: D:/Program Files (x86)/Local/resources/extraResources/lightning-services/php-7.4.1+16/bin/win64/ext\php_imagick.dll (The specified module could not be found.), D:/Program Files (x86)/Local/resources/extraResources/lightning-services/php-7.4.1+16/bin/win64/ext\php_php_imagick.dll.dll (The specified module could not be found.)) in Unknown on line 0
[14-Apr-2022 14:35:26 UTC] PHP Warning:  PHP Startup: Unable to load dynamic library 'php_imagick.dll' (tried: D:/Program Files (x86)/Local/resources/extraResources/lightning-services/php-7.4.1+16/bin/win64/ext\php_imagick.dll (The specified module could not be found.), D:/Program Files (x86)/Local/resources/extraResources/lightning-services/php-7.4.1+16/bin/win64/ext\php_php_imagick.dll.dll (The specified module could not be found.)) in Unknown on line 0
[14-Apr-2022 14:35:30 UTC] PHP Warning:  PHP Startup: Unable to load dynamic library 'php_imagick.dll' (tried: D:/Program Files (x86)/Local/resources/extraResources/lightning-services/php-7.4.1+16/bin/win64/ext\php_imagick.dll (The specified module could not be found.), D:/Program Files (x86)/Local/resources/extraResources/lightning-services/php-7.4.1+16/bin/win64/ext\php_php_imagick.dll.dll (The specified module could not be found.)) in Unknown on line 0
[14-Apr-2022 14:35:31 UTC] PHP Warning:  PHP Startup: Unable to load dynamic library 'php_imagick.dll' (tried: D:/Program Files (x86)/Local/resources/extraResources/lightning-services/php-7.4.1+16/bin/win64/ext\php_imagick.dll (The specified module could not be found.), D:/Program Files (x86)/Local/resources/extraResources/lightning-services/php-7.4.1+16/bin/win64/ext\php_php_imagick.dll.dll (The specified module could not be found.)) in Unknown on line 0
[14-Apr-2022 14:35:32 UTC] PHP Warning:  PHP Startup: Unable to load dynamic library 'php_imagick.dll' (tried: D:/Program Files (x86)/Local/resources/extraResources/lightning-services/php-7.4.1+16/bin/win64/ext\php_imagick.dll (The specified module could not be found.), D:/Program Files (x86)/Local/resources/extraResources/lightning-services/php-7.4.1+16/bin/win64/ext\php_php_imagick.dll.dll (The specified module could not be found.)) in Unknown on line 0
[14-Apr-2022 14:35:32 UTC] PHP Warning:  PHP Startup: Unable to load dynamic library 'php_imagick.dll' (tried: D:/Program Files (x86)/Local/resources/extraResources/lightning-services/php-7.4.1+16/bin/win64/ext\php_imagick.dll (The specified module could not be found.), D:/Program Files (x86)/Local/resources/extraResources/lightning-services/php-7.4.1+16/bin/win64/ext\php_php_imagick.dll.dll (The specified module could not be found.)) in Unknown on line 0
[14-Apr-2022 20:58:09 UTC] PHP Warning:  PHP Startup: Unable to load dynamic library 'php_imagick.dll' (tried: D:/Program Files (x86)/Local/resources/extraResources/lightning-services/php-7.4.1+16/bin/win64/ext\php_imagick.dll (The specified module could not be found.), D:/Program Files (x86)/Local/resources/extraResources/lightning-services/php-7.4.1+16/bin/win64/ext\php_php_imagick.dll.dll (The specified module could not be found.)) in Unknown on line 0
[14-Apr-2022 20:58:09 UTC] PHP Warning:  PHP Startup: Unable to load dynamic library 'php_imagick.dll' (tried: D:/Program Files (x86)/Local/resources/extraResources/lightning-services/php-7.4.1+16/bin/win64/ext\php_imagick.dll (The specified module could not be found.), D:/Program Files (x86)/Local/resources/extraResources/lightning-services/php-7.4.1+16/bin/win64/ext\php_php_imagick.dll.dll (The specified module could not be found.)) in Unknown on line 0
[15-Apr-2022 15:17:15 UTC] PHP Warning:  PHP Startup: Unable to load dynamic library 'php_imagick.dll' (tried: D:/Program Files (x86)/Local/resources/extraResources/lightning-services/php-7.4.1+16/bin/win64/ext\php_imagick.dll (The specified module could not be found.), D:/Program Files (x86)/Local/resources/extraResources/lightning-services/php-7.4.1+16/bin/win64/ext\php_php_imagick.dll.dll (The specified module could not be found.)) in Unknown on line 0
[15-Apr-2022 15:17:15 UTC] PHP Warning:  PHP Startup: Unable to load dynamic library 'php_imagick.dll' (tried: D:/Program Files (x86)/Local/resources/extraResources/lightning-services/php-7.4.1+16/bin/win64/ext\php_imagick.dll (The specified module could not be found.), D:/Program Files (x86)/Local/resources/extraResources/lightning-services/php-7.4.1+16/bin/win64/ext\php_php_imagick.dll.dll (The specified module could not be found.)) in Unknown on line 0
[15-Apr-2022 15:17:18 UTC] PHP Warning:  PHP Startup: Unable to load dynamic library 'php_imagick.dll' (tried: D:/Program Files (x86)/Local/resources/extraResources/lightning-services/php-7.4.1+16/bin/win64/ext\php_imagick.dll (The specified module could not be found.), D:/Program Files (x86)/Local/resources/extraResources/lightning-services/php-7.4.1+16/bin/win64/ext\php_php_imagick.dll.dll (The specified module could not be found.)) in Unknown on line 0
[15-Apr-2022 15:17:18 UTC] PHP Warning:  PHP Startup: Unable to load dynamic library 'php_imagick.dll' (tried: D:/Program Files (x86)/Local/resources/extraResources/lightning-services/php-7.4.1+16/bin/win64/ext\php_imagick.dll (The specified module could not be found.), D:/Program Files (x86)/Local/resources/extraResources/lightning-services/php-7.4.1+16/bin/win64/ext\php_php_imagick.dll.dll (The specified module could not be found.)) in Unknown on line 0
[18-Apr-2022 16:00:39 UTC] PHP Warning:  PHP Startup: Unable to load dynamic library 'php_imagick.dll' (tried: D:/Program Files (x86)/Local/resources/extraResources/lightning-services/php-7.4.1+16/bin/win64/ext\php_imagick.dll (The specified module could not be found.), D:/Program Files (x86)/Local/resources/extraResources/lightning-services/php-7.4.1+16/bin/win64/ext\php_php_imagick.dll.dll (The specified module could not be found.)) in Unknown on line 0
[18-Apr-2022 16:00:39 UTC] PHP Warning:  PHP Startup: Unable to load dynamic library 'php_imagick.dll' (tried: D:/Program Files (x86)/Local/resources/extraResources/lightning-services/php-7.4.1+16/bin/win64/ext\php_imagick.dll (The specified module could not be found.), D:/Program Files (x86)/Local/resources/extraResources/lightning-services/php-7.4.1+16/bin/win64/ext\php_php_imagick.dll.dll (The specified module could not be found.)) in Unknown on line 0
[18-Apr-2022 16:21:21 UTC] PHP Warning:  PHP Startup: Unable to load dynamic library 'php_imagick.dll' (tried: D:/Program Files (x86)/Local/resources/extraResources/lightning-services/php-7.4.1+16/bin/win64/ext\php_imagick.dll (The specified module could not be found.), D:/Program Files (x86)/Local/resources/extraResources/lightning-services/php-7.4.1+16/bin/win64/ext\php_php_imagick.dll.dll (The specified module could not be found.)) in Unknown on line 0
[18-Apr-2022 16:21:21 UTC] PHP Warning:  PHP Startup: Unable to load dynamic library 'php_imagick.dll' (tried: D:/Program Files (x86)/Local/resources/extraResources/lightning-services/php-7.4.1+16/bin/win64/ext\php_imagick.dll (The specified module could not be found.), D:/Program Files (x86)/Local/resources/extraResources/lightning-services/php-7.4.1+16/bin/win64/ext\php_php_imagick.dll.dll (The specified module could not be found.)) in Unknown on line 0
[18-Apr-2022 16:26:41 UTC] PHP Parse error:  syntax error, unexpected 'while' (T_WHILE) in C:\Users\spoog\Local Sites\fictional-university\app\public\wp-content\themes\fictional-university-theme\index.php on line 3
[18-Apr-2022 16:26:53 UTC] PHP Warning:  get_headers() expects at least 1 parameter, 0 given in C:\Users\spoog\Local Sites\fictional-university\app\public\wp-content\themes\fictional-university-theme\index.php on line 1
[18-Apr-2022 16:26:53 UTC] PHP Stack trace:
[18-Apr-2022 16:26:53 UTC] PHP   1. {main}() C:\Users\spoog\Local Sites\fictional-university\app\public\index.php:0
[18-Apr-2022 16:26:53 UTC] PHP   2. require() C:\Users\spoog\Local Sites\fictional-university\app\public\index.php:17
[18-Apr-2022 16:26:53 UTC] PHP   3. require_once() C:\Users\spoog\Local Sites\fictional-university\app\public\wp-blog-header.php:19
[18-Apr-2022 16:26:53 UTC] PHP   4. include() C:\Users\spoog\Local Sites\fictional-university\app\public\wp-includes\template-loader.php:106
[18-Apr-2022 16:26:53 UTC] PHP   5. get_headers() C:\Users\spoog\Local Sites\fictional-university\app\public\wp-content\themes\fictional-university-theme\index.php:1
[18-Apr-2022 16:38:08 UTC] PHP Fatal error:  Uncaught Error: Call to undefined function wp_enqueue_styles() in C:\Users\spoog\Local Sites\fictional-university\app\public\wp-content\themes\fictional-university-theme\functions.php:4
Stack trace:
#0 C:\Users\spoog\Local Sites\fictional-university\app\public\wp-includes\class-wp-hook.php(307): university_files('')
#1 C:\Users\spoog\Local Sites\fictional-university\app\public\wp-includes\class-wp-hook.php(331): WP_Hook->apply_filters(NULL, Array)
#2 C:\Users\spoog\Local Sites\fictional-university\app\public\wp-includes\plugin.php(474): WP_Hook->do_action(Array)
#3 C:\Users\spoog\Local Sites\fictional-university\app\public\wp-includes\script-loader.php(2115): do_action('wp_enqueue_scri...')
#4 C:\Users\spoog\Local Sites\fictional-university\app\public\wp-includes\class-wp-hook.php(307): wp_enqueue_scripts('')
#5 C:\Users\spoog\Local Sites\fictional-university\app\public\wp-includes\class-wp-hook.php(331): WP_Hook->apply_filters(NULL, Array)
#6 C:\Users\spoog\Local Sites\fictional-university\app\public\wp-incl in C:\Users\spoog\Local Sites\fictional-university\app\public\wp-content\themes\fictional-university-theme\functions.php on line 4
[18-Apr-2022 16:39:17 UTC] PHP Fatal error:  Uncaught Error: Call to undefined function wp_enqueue_styles() in C:\Users\spoog\Local Sites\fictional-university\app\public\wp-content\themes\fictional-university-theme\functions.php:4
Stack trace:
#0 C:\Users\spoog\Local Sites\fictional-university\app\public\wp-includes\class-wp-hook.php(307): university_files('')
#1 C:\Users\spoog\Local Sites\fictional-university\app\public\wp-includes\class-wp-hook.php(331): WP_Hook->apply_filters(NULL, Array)
#2 C:\Users\spoog\Local Sites\fictional-university\app\public\wp-includes\plugin.php(474): WP_Hook->do_action(Array)
#3 C:\Users\spoog\Local Sites\fictional-university\app\public\wp-includes\script-loader.php(2115): do_action('wp_enqueue_scri...')
#4 C:\Users\spoog\Local Sites\fictional-university\app\public\wp-includes\class-wp-hook.php(307): wp_enqueue_scripts('')
#5 C:\Users\spoog\Local Sites\fictional-university\app\public\wp-includes\class-wp-hook.php(331): WP_Hook->apply_filters(NULL, Array)
#6 C:\Users\spoog\Local Sites\fictional-university\app\public\wp-incl in C:\Users\spoog\Local Sites\fictional-university\app\public\wp-content\themes\fictional-university-theme\functions.php on line 4
